[Wed Apr 11 23:53:52.529234 2018] [ssl:warn] [pid 3984:tid 624] AH01873: Init: Session Cache is not configured [hint: SSLSessionCache]
[Wed Apr 11 23:53:52.534235 2018] [mpm_winnt:notice] [pid 3984:tid 624] AH00455: Apache/2.4.33 (Win64) OpenSSL/1.1.0h PHP/7.0.29 configured -- resuming normal operations
[Wed Apr 11 23:53:52.534235 2018] [mpm_winnt:notice] [pid 3984:tid 624] AH00456: Server built: Mar 17 2018 21:05:15
[Wed Apr 11 23:53:52.534235 2018] [core:notice] [pid 3984:tid 624] AH00094: Command line: 'C:\\Project\\Apache24\\bin\\httpd.exe -d C:/Project/Apache24'
[Wed Apr 11 23:53:52.539235 2018] [mpm_winnt:notice] [pid 3984:tid 624] AH00418: Parent: Created child process 6192
Apache server interrupted...
018] [ssl:warn] [pid 6192:tid 124] AH01873: Init: Session Cache is not configured [hint: SSLSessionCache]
[Wed Apr 11 23:53:52.826251 2018] [mpm_winnt:notice] [pid 6192:tid 124] AH00354: Child: Starting 64 worker threads.
[Wed Apr 11 23:54:11.477626 2018] [mpm_winnt:notice] [pid 3984:tid 624] AH00422: Parent: Received shutdown signal -- Shutting down the server.
Apache server interrupted...
Apache server interrupted...
Apache server interrupted...
Apache server interrupted...
Apache server interrupted...
Apache server interrupted...
Apache server interrupted...
Apache server shutdown initiated...
[Wed Apr 11 23:54:43.536392 2018] [mpm_winnt:notice] [pid 6192:tid 124] AH00362: Child: Waiting 30 more seconds for 1 worker threads to finish.
[Wed Apr 11 23:55:03.246215 2018] [mpm_winnt:notice] [pid 6192:tid 124] AH00364: Child: All worker threads have exited.
[Fri Apr 13 19:24:50.637515 2018] [core:warn] [pid 3496:tid 724] AH00098: pid file C:/Project/Apache24/logs/httpd.pid overwritten -- Unclean shutdown of previous Apache run?
[Fri Apr 13 19:24:50.644517 2018] [ssl:warn] [pid 3496:tid 724] AH01873: Init: Session Cache is not configured [hint: SSLSessionCache]
[Fri Apr 13 19:24:50.813515 2018] [mpm_winnt:notice] [pid 3496:tid 724] AH00455: Apache/2.4.33 (Win64) OpenSSL/1.1.0h PHP/7.0.29 configured -- resuming normal operations
[Fri Apr 13 19:24:50.816016 2018] [mpm_winnt:notice] [pid 3496:tid 724] AH00456: Server built: Mar 17 2018 21:05:15
[Fri Apr 13 19:24:50.816016 2018] [core:notice] [pid 3496:tid 724] AH00094: Command line: 'C:\\Project\\Apache24\\bin\\httpd.exe -d C:/Project/Apache24'
[Fri Apr 13 19:24:50.817516 2018] [mpm_winnt:notice] [pid 3496:tid 724] AH00418: Parent: Created child process 5404
[Fri Apr 13 19:24:51.866545 2018] [ssl:warn] [pid 5404:tid 640] AH01873: Init: Session Cache is not configured [hint: SSLSessionCache]
[Fri Apr 13 19:24:51.872545 2018] [mpm_winnt:notice] [pid 5404:tid 640] AH00354: Child: Starting 64 worker threads.
[Sat Apr 14 10:00:25.862957 2018] [core:warn] [pid 3464:tid 680] AH00098: pid file C:/Project/Apache24/logs/httpd.pid overwritten -- Unclean shutdown of previous Apache run?
[Sat Apr 14 10:00:25.866957 2018] [ssl:warn] [pid 3464:tid 680] AH01873: Init: Session Cache is not configured [hint: SSLSessionCache]
[Sat Apr 14 10:00:25.970958 2018] [mpm_winnt:notice] [pid 3464:tid 680] AH00455: Apache/2.4.33 (Win64) OpenSSL/1.1.0h PHP/7.0.29 configured -- resuming normal operations
[Sat Apr 14 10:00:25.971957 2018] [mpm_winnt:notice] [pid 3464:tid 680] AH00456: Server built: Mar 17 2018 21:05:15
[Sat Apr 14 10:00:25.971957 2018] [core:notice] [pid 3464:tid 680] AH00094: Command line: 'C:\\Project\\Apache24\\bin\\httpd.exe -d C:/Project/Apache24'
[Sat Apr 14 10:00:25.973459 2018] [mpm_winnt:notice] [pid 3464:tid 680] AH00418: Parent: Created child process 5220
[Sat Apr 14 10:00:26.525959 2018] [ssl:warn] [pid 5220:tid 668] AH01873: Init: Session Cache is not configured [hint: SSLSessionCache]
[Sat Apr 14 10:00:26.532958 2018] [mpm_winnt:notice] [pid 5220:tid 668] AH00354: Child: Starting 64 worker threads.
[Sun Apr 15 10:56:31.757363 2018] [mpm_winnt:notice] [pid 3464:tid 680] AH00422: Parent: Received shutdown signal -- Shutting down the server.
[Sun Apr 15 10:56:33.764620 2018] [mpm_winnt:notice] [pid 5220:tid 668] AH00364: Child: All worker threads have exited.
[Sun Apr 15 10:56:33.814006 2018] [mpm_winnt:notice] [pid 3464:tid 680] AH00430: Parent: Child process 5220 exited successfully.
[Sun Apr 15 11:09:10.706624 2018] [ssl:warn] [pid 12620:tid 640] AH01873: Init: Session Cache is not configured [hint: SSLSessionCache]
[Sun Apr 15 11:09:10.750616 2018] [mpm_winnt:notice] [pid 12620:tid 640] AH00455: Apache/2.4.33 (Win64) OpenSSL/1.1.0h PHP/7.0.29 configured -- resuming normal operations
[Sun Apr 15 11:09:10.750616 2018] [mpm_winnt:notice] [pid 12620:tid 640] AH00456: Server built: Mar 17 2018 21:05:15
[Sun Apr 15 11:09:10.750616 2018] [core:notice] [pid 12620:tid 640] AH00094: Command line: 'httpd -d C:/Project/gameeTest/Apache24'
[Sun Apr 15 11:09:10.755616 2018] [mpm_winnt:notice] [pid 12620:tid 640] AH00418: Parent: Created child process 13116
Apache server interrupted...
018] [ssl:warn] [pid 13116:tid 580] AH01873: Init: Session Cache is not configured [hint: SSLSessionCache]
[Sun Apr 15 11:09:11.034615 2018] [mpm_winnt:notice] [pid 13116:tid 580] AH00354: Child: Starting 64 worker threads.
[Sun Apr 15 11:09:29.884589 2018] [mpm_winnt:notice] [pid 12620:tid 640] AH00422: Parent: Received shutdown signal -- Shutting down the server.
Apache server interrupted...
Apache server interrupted...
Apache server interrupted...
Apache server interrupted...
Apache server interrupted...
Apache server interrupted...
Apache server interrupted...
Apache server interrupted...
Apache server interrupted...
Apache server interrupted...
[Sun Apr 15 11:09:31.885972 2018] [mpm_winnt:notice] [pid 13116:tid 580] AH00364: Child: All worker threads have exited.
[Sun Apr 15 11:09:31.904067 2018] [mpm_winnt:notice] [pid 12620:tid 640] AH00430: Parent: Child process 13116 exited successfully.
Starting the 'Apache2.4' service
[Sun Apr 15 11:09:35.482159 2018] [mpm_winnt:crit] [pid 13316:tid 476] (OS 2)Systém nemùže nalézt uvedený soubor.  : AH00378: Failed to start the 'Apache2.4' service
Starting the 'Apache2.4' service
The 'Apache2.4' service is running.
sl:warn] [pid 14092:tid 676] AH01873: Init: Session Cache is not configured [hint: SSLSessionCache]
[Sun Apr 15 11:11:37.593970 2018] [mpm_winnt:notice] [pid 14092:tid 676] AH00455: Apache/2.4.33 (Win64) OpenSSL/1.1.0h PHP/7.0.29 configured -- resuming normal operations
[Sun Apr 15 11:11:37.593970 2018] [mpm_winnt:notice] [pid 14092:tid 676] AH00456: Server built: Mar 17 2018 21:05:15
[Sun Apr 15 11:11:37.593970 2018] [core:notice] [pid 14092:tid 676] AH00094: Command line: 'C:\\Project\\gameeTest\\Apache24\\bin\\httpd.exe -d C:/Project/gameeTest/Apache24'
[Sun Apr 15 11:11:37.595960 2018] [mpm_winnt:notice] [pid 14092:tid 676] AH00418: Parent: Created child process 8216
[Sun Apr 15 11:11:37.840960 2018] [ssl:warn] [pid 8216:tid 492] AH01873: Init: Session Cache is not configured [hint: SSLSessionCache]
[Sun Apr 15 11:11:37.851460 2018] [mpm_winnt:notice] [pid 8216:tid 492] AH00354: Child: Starting 64 worker threads.
